[0.742s] Invoking command in '/home/bayesi4n/iop/build/turtlebot3_lane_changing_leader': PYTHONPATH=/home/bayesi4n/iop/build/turtlebot3_lane_changing_leader/prefix_override:/usr/lib/python3/dist-packages/colcon_core/task/python/colcon_distutils_commands:/home/bayesi4n/iop/install/turtlebot3_lane_changing_leader/lib/python3.10/site-packages:${PYTHONPATH} /usr/bin/python3 -W ignore:setup.py install is deprecated -W ignore:easy_install command is deprecated setup.py develop --editable --build-directory /home/bayesi4n/iop/build/turtlebot3_lane_changing_leader/build --no-deps symlink_data
[0.933s] running develop
[1.034s] running egg_info
[1.034s] creating turtlebot3_lane_changing_leader.egg-info
[1.034s] writing turtlebot3_lane_changing_leader.egg-info/PKG-INFO
[1.034s] writing dependency_links to turtlebot3_lane_changing_leader.egg-info/dependency_links.txt
[1.034s] writing entry points to turtlebot3_lane_changing_leader.egg-info/entry_points.txt
[1.034s] writing requirements to turtlebot3_lane_changing_leader.egg-info/requires.txt
[1.034s] writing top-level names to turtlebot3_lane_changing_leader.egg-info/top_level.txt
[1.034s] writing manifest file 'turtlebot3_lane_changing_leader.egg-info/SOURCES.txt'
[1.035s] reading manifest file 'turtlebot3_lane_changing_leader.egg-info/SOURCES.txt'
[1.036s] writing manifest file 'turtlebot3_lane_changing_leader.egg-info/SOURCES.txt'
[1.037s] running build_ext
[1.037s] Creating /home/bayesi4n/iop/install/turtlebot3_lane_changing_leader/lib/python3.10/site-packages/turtlebot3-lane-changing-leader.egg-link (link to .)
[1.038s] Installing lane_changing_leader script to /home/bayesi4n/iop/install/turtlebot3_lane_changing_leader/lib/turtlebot3_lane_changing_leader
[1.038s] 
[1.038s] Installed /home/bayesi4n/iop/build/turtlebot3_lane_changing_leader
[1.038s] running symlink_data
[1.038s] creating /home/bayesi4n/iop/install/turtlebot3_lane_changing_leader/share/ament_index
[1.038s] creating /home/bayesi4n/iop/install/turtlebot3_lane_changing_leader/share/ament_index/resource_index
[1.038s] creating /home/bayesi4n/iop/install/turtlebot3_lane_changing_leader/share/ament_index/resource_index/packages
[1.038s] symbolically linking /home/bayesi4n/iop/build/turtlebot3_lane_changing_leader/resource/turtlebot3_lane_changing_leader -> /home/bayesi4n/iop/install/turtlebot3_lane_changing_leader/share/ament_index/resource_index/packages
[1.038s] symbolically linking /home/bayesi4n/iop/build/turtlebot3_lane_changing_leader/package.xml -> /home/bayesi4n/iop/install/turtlebot3_lane_changing_leader/share/turtlebot3_lane_changing_leader
[1.079s] Invoked command in '/home/bayesi4n/iop/build/turtlebot3_lane_changing_leader' returned '0': PYTHONPATH=/home/bayesi4n/iop/build/turtlebot3_lane_changing_leader/prefix_override:/usr/lib/python3/dist-packages/colcon_core/task/python/colcon_distutils_commands:/home/bayesi4n/iop/install/turtlebot3_lane_changing_leader/lib/python3.10/site-packages:${PYTHONPATH} /usr/bin/python3 -W ignore:setup.py install is deprecated -W ignore:easy_install command is deprecated setup.py develop --editable --build-directory /home/bayesi4n/iop/build/turtlebot3_lane_changing_leader/build --no-deps symlink_data
